# JRE version: Java(TM) SE Runtime Environment (8.0_121-b13) (build 1.8.0_121-b13)
# Java VM: Java HotSpot(TM) 64-Bit Server VM (25.121-b13 mixed mode windows-amd64 compressed oops)
Heap:
 PSYoungGen      total 231424K, used 231344K [0x00000000e0000000, 0x00000000f0680000, 0x0000000100000000)
  eden space 212480K, 100% used [0x00000000e0000000,0x00000000ecf80000,0x00000000ecf80000)
  from space 18944K, 99% used [0x00000000ed680000,0x00000000ee8ec290,0x00000000ee900000)
  to   space 28160K, 54% used [0x00000000eeb00000,0x00000000efa0dcb8,0x00000000f0680000)
 ParOldGen       total 153600K, used 45107K [0x00000000a0000000, 0x00000000a9600000, 0x00000000e0000000)
  object space 153600K, 29% used [0x00000000a0000000,0x00000000a2c0ce00,0x00000000a9600000)
 Metaspace       used 64008K, capacity 66888K, committed 66904K, reserved 1107968K
  class space    used 8510K, capacity 9074K, committed 9088K, reserved 1048576K
GC Heap History (10 events):
Event: 33.383 GC heap after
Heap after GC invocations=18 (full 2):
 PSYoungGen      total 218624K, used 23318K [0x00000000e0000000, 0x00000000ef780000, 0x0000000100000000)
  eden space 192512K, 0% used [0x00000000e0000000,0x00000000e0000000,0x00000000ebc00000)
  from space 26112K, 89% used [0x00000000ed880000,0x00000000eef45ae8,0x00000000ef200000)
  to   space 29184K, 0% used [0x00000000ebc00000,0x00000000ebc00000,0x00000000ed880000)
 ParOldGen       total 96768K, used 35977K [0x00000000a0000000, 0x00000000a5e80000, 0x00000000e0000000)
  object space 96768K, 37% used [0x00000000a0000000,0x00000000a23225f8,0x00000000a5e80000)
 Metaspace       used 56499K, capacity 58884K, committed 58968K, reserved 1099776K
  class space    used 7775K, capacity 8291K, committed 8320K, reserved 1048576K
}
Event: 33.383 GC heap before
{Heap before GC invocations=19 (full 3):
 PSYoungGen      total 218624K, used 23318K [0x00000000e0000000, 0x00000000ef780000, 0x0000000100000000)
  eden space 192512K, 0% used [0x00000000e0000000,0x00000000e0000000,0x00000000ebc00000)
  from space 26112K, 89% used [0x00000000ed880000,0x00000000eef45ae8,0x00000000ef200000)
  to   space 29184K, 0% used [0x00000000ebc00000,0x00000000ebc00000,0x00000000ed880000)
 ParOldGen       total 96768K, used 35977K [0x00000000a0000000, 0x00000000a5e80000, 0x00000000e0000000)
  object space 96768K, 37% used [0x00000000a0000000,0x00000000a23225f8,0x00000000a5e80000)
 Metaspace       used 56499K, capacity 58884K, committed 58968K, reserved 1099776K
  class space    used 7775K, capacity 8291K, committed 8320K, reserved 1048576K
Event: 34.071 GC heap after
Heap after GC invocations=19 (full 3):
 PSYoungGen      total 218624K, used 0K [0x00000000e0000000, 0x00000000ef780000, 0x0000000100000000)
  eden space 192512K, 0% used [0x00000000e0000000,0x00000000e0000000,0x00000000ebc00000)
  from space 26112K, 0% used [0x00000000ed880000,0x00000000ed880000,0x00000000ef200000)
  to   space 29184K, 0% used [0x00000000ebc00000,0x00000000ebc00000,0x00000000ed880000)
 ParOldGen       total 153600K, used 45075K [0x00000000a0000000, 0x00000000a9600000, 0x00000000e0000000)
  object space 153600K, 29% used [0x00000000a0000000,0x00000000a2c04e00,0x00000000a9600000)
 Metaspace       used 56499K, capacity 58884K, committed 58968K, reserved 1099776K
  class space    used 7775K, capacity 8291K, committed 8320K, reserved 1048576K
}
Event: 2438.271 GC heap before
{Heap before GC invocations=20 (full 3):
 PSYoungGen      total 218624K, used 192512K [0x00000000e0000000, 0x00000000ef780000, 0x0000000100000000)
  eden space 192512K, 100% used [0x00000000e0000000,0x00000000ebc00000,0x00000000ebc00000)
  from space 26112K, 0% used [0x00000000ed880000,0x00000000ed880000,0x00000000ef200000)
  to   space 29184K, 0% used [0x00000000ebc00000,0x00000000ebc00000,0x00000000ed880000)
 ParOldGen       total 153600K, used 45075K [0x00000000a0000000, 0x00000000a9600000, 0x00000000e0000000)
  object space 153600K, 29% used [0x00000000a0000000,0x00000000a2c04e00,0x00000000a9600000)
 Metaspace       used 58617K, capacity 61192K, committed 61272K, reserved 1101824K
  class space    used 8000K, capacity 8503K, committed 8576K, reserved 1048576K
Event: 2438.283 GC heap after
Heap after GC invocations=20 (full 3):
 PSYoungGen      total 221696K, used 6945K [0x00000000e0000000, 0x00000000f1280000, 0x0000000100000000)
  eden space 192512K, 0% used [0x00000000e0000000,0x00000000e0000000,0x00000000ebc00000)
  from space 29184K, 23% used [0x00000000ebc00000,0x00000000ec2c8620,0x00000000ed880000)
  to   space 28672K, 0% used [0x00000000ef680000,0x00000000ef680000,0x00000000f1280000)
 ParOldGen       total 153600K, used 45083K [0x00000000a0000000, 0x00000000a9600000, 0x00000000e0000000)
  object space 153600K, 29% used [0x00000000a0000000,0x00000000a2c06e00,0x00000000a9600000)
 Metaspace       used 58617K, capacity 61192K, committed 61272K, reserved 1101824K
  class space    used 8000K, capacity 8503K, committed 8576K, reserved 1048576K
}
Event: 2450.769 GC heap before
{Heap before GC invocations=21 (full 3):
 PSYoungGen      total 221696K, used 199457K [0x00000000e0000000, 0x00000000f1280000, 0x0000000100000000)
  eden space 192512K, 100% used [0x00000000e0000000,0x00000000ebc00000,0x00000000ebc00000)
  from space 29184K, 23% used [0x00000000ebc00000,0x00000000ec2c8620,0x00000000ed880000)
  to   space 28672K, 0% used [0x00000000ef680000,0x00000000ef680000,0x00000000f1280000)
 ParOldGen       total 153600K, used 45083K [0x00000000a0000000, 0x00000000a9600000, 0x00000000e0000000)
  object space 153600K, 29% used [0x00000000a0000000,0x00000000a2c06e00,0x00000000a9600000)
 Metaspace       used 61741K, capacity 64564K, committed 64728K, reserved 1105920K
  class space    used 8332K, capacity 8858K, committed 8960K, reserved 1048576K
Event: 2450.808 GC heap after
Heap after GC invocations=21 (full 3):
 PSYoungGen      total 241152K, used 13266K [0x00000000e0000000, 0x00000000f0b80000, 0x0000000100000000)
  eden space 219648K, 0% used [0x00000000e0000000,0x00000000e0000000,0x00000000ed680000)
  from space 21504K, 61% used [0x00000000ef680000,0x00000000f0374898,0x00000000f0b80000)
  to   space 27136K, 0% used [0x00000000ed680000,0x00000000ed680000,0x00000000ef100000)
 ParOldGen       total 153600K, used 45091K [0x00000000a0000000, 0x00000000a9600000, 0x00000000e0000000)
  object space 153600K, 29% used [0x00000000a0000000,0x00000000a2c08e00,0x00000000a9600000)
 Metaspace       used 61741K, capacity 64564K, committed 64728K, reserved 1105920K
  class space    used 8332K, capacity 8858K, committed 8960K, reserved 1048576K
}
Event: 2464.691 GC heap before
{Heap before GC invocations=22 (full 3):
 PSYoungGen      total 241152K, used 232914K [0x00000000e0000000, 0x00000000f0b80000, 0x0000000100000000)
  eden space 219648K, 100% used [0x00000000e0000000,0x00000000ed680000,0x00000000ed680000)
  from space 21504K, 61% used [0x00000000ef680000,0x00000000f0374898,0x00000000f0b80000)
  to   space 27136K, 0% used [0x00000000ed680000,0x00000000ed680000,0x00000000ef100000)
 ParOldGen       total 153600K, used 45091K [0x00000000a0000000, 0x00000000a9600000, 0x00000000e0000000)
  object space 153600K, 29% used [0x00000000a0000000,0x00000000a2c08e00,0x00000000a9600000)
 Metaspace       used 63947K, capacity 66824K, committed 66904K, reserved 1107968K
  class space    used 8508K, capacity 9074K, committed 9088K, reserved 1048576K
Event: 2464.733 GC heap after
Heap after GC invocations=22 (full 3):
 PSYoungGen      total 231424K, used 18864K [0x00000000e0000000, 0x00000000f0680000, 0x0000000100000000)
  eden space 212480K, 0% used [0x00000000e0000000,0x00000000e0000000,0x00000000ecf80000)
  from space 18944K, 99% used [0x00000000ed680000,0x00000000ee8ec290,0x00000000ee900000)
  to   space 28160K, 0% used [0x00000000eeb00000,0x00000000eeb00000,0x00000000f0680000)
 ParOldGen       total 153600K, used 45099K [0x00000000a0000000, 0x00000000a9600000, 0x00000000e0000000)
  object space 153600K, 29% used [0x00000000a0000000,0x00000000a2c0ae00,0x00000000a9600000)
 Metaspace       used 63947K, capacity 66824K, committed 66904K, reserved 1107968K
  class space    used 8508K, capacity 9074K, committed 9088K, reserved 1048576K
}
Event: 2467.900 GC heap before
{Heap before GC invocations=23 (full 3):
 PSYoungGen      total 231424K, used 231344K [0x00000000e0000000, 0x00000000f0680000, 0x0000000100000000)
  eden space 212480K, 100% used [0x00000000e0000000,0x00000000ecf80000,0x00000000ecf80000)
  from space 18944K, 99% used [0x00000000ed680000,0x00000000ee8ec290,0x00000000ee900000)
  to   space 28160K, 0% used [0x00000000eeb00000,0x00000000eeb00000,0x00000000f0680000)
 ParOldGen       total 153600K, used 45099K [0x00000000a0000000, 0x00000000a9600000, 0x00000000e0000000)
  object space 153600K, 29% used [0x00000000a0000000,0x00000000a2c0ae00,0x00000000a9600000)
 Metaspace       used 64008K, capacity 66888K, committed 66904K, reserved 1107968K
  class space    used 8510K, capacity 9074K, committed 9088K, reserved 1048576K

